<?xml version="1.0" encoding="UTF-8"?>
<!-- Generated by org.testng.reporters.JUnitReportReporter -->
<testsuite skipped="0" hostname="LAPTOP-SF05AVNG" name="testCases.LoginPageTest" tests="2" failures="0" timestamp="15 Feb 2021 04:13:04 GMT" time="41.013" errors="0">
  <testcase name="logintest" time="23.621" classname="testCases.LoginPageTest"/>
  <testcase name="logintest2" time="17.392" classname="testCases.LoginPageTest"/>
</testsuite> <!-- testCases.LoginPageTest -->
