<?xml version="1.0" encoding="UTF-8"?>
<!-- Generated by org.testng.reporters.JUnitReportReporter -->
<testsuite skipped="0" hostname="LAPTOP-SF05AVNG" name="testCases.LoginPageTest" tests="2" failures="0" timestamp="14 Feb 2021 17:06:06 GMT" time="33.435" errors="0">
  <testcase name="logintest" time="17.364" classname="testCases.LoginPageTest"/>
  <testcase name="logintest2" time="16.071" classname="testCases.LoginPageTest"/>
</testsuite> <!-- testCases.LoginPageTest -->
