<?xml version="1.0" encoding="UTF-8"?>
<!-- Generated by org.testng.reporters.JUnitReportReporter -->
<testsuite skipped="0" hostname="LAPTOP-SF05AVNG" name="testCases.LoginPageTest" tests="1" failures="0" timestamp="14 Feb 2021 16:39:44 GMT" time="15.353" errors="0">
  <testcase name="logintest" time="15.353" classname="testCases.LoginPageTest"/>
</testsuite> <!-- testCases.LoginPageTest -->
